{"name": "Verify Home Page", "status": "failed", "statusDetails": {"message": "AssertionError\n", "trace": "  File \"F:\\baitap\\kiemthu\\venv\\lib\\site-packages\\behave\\model.py\", line 1329, in run\n    match.run(runner.context)\n  File \"F:\\baitap\\kiemthu\\venv\\lib\\site-packages\\behave\\matchers.py\", line 98, in run\n    self.func(context, *args, **kwargs)\n  File \"Feature\\steps\\HomePageSteps.py\", line 35, in step_impl\n    assert False\n"}, "steps": [{"name": "Given Launch the browser", "status": "passed", "start": 1651687256458, "stop": 1651687260375}, {"name": "Then verify the page title", "status": "failed", "statusDetails": {"message": "AssertionError\n", "trace": "  File \"F:\\baitap\\kiemthu\\venv\\lib\\site-packages\\behave\\model.py\", line 1329, in run\n    match.run(runner.context)\n  File \"F:\\baitap\\kiemthu\\venv\\lib\\site-packages\\behave\\matchers.py\", line 98, in run\n    self.func(context, *args, **kwargs)\n  File \"Feature\\steps\\HomePageSteps.py\", line 35, in step_impl\n    assert False\n"}, "start": 1651687260375, "stop": 1651687260383}, {"name": "And close the browser", "status": "skipped", "start": 1651687262501, "stop": 1651687262501}], "start": 1651687256456, "stop": 1651687262501, "uuid": "db0c6117-abb7-42c0-a45b-c3c2b0184ad1", "historyId": "0b40507252b475c76a48f63329574783", "fullName": "Test the c2ta application: Verify Home Page", "labels": [{"name": "severity", "value": "normal"}, {"name": "feature", "value": "Test the c2ta application"}, {"name": "framework", "value": "behave"}, {"name": "language", "value": "cpython3"}]}