{"name": "Verify login functionality", "status": "failed", "statusDetails": {"message": "AssertionError\n", "trace": "  File \"F:\\baitap\\kiemthu\\venv\\lib\\site-packages\\behave\\model.py\", line 1329, in run\n    match.run(runner.context)\n  File \"F:\\baitap\\kiemthu\\venv\\lib\\site-packages\\behave\\matchers.py\", line 98, in run\n    self.func(context, *args, **kwargs)\n  File \"Feature\\steps\\LoginPageSteps.py\", line 130, in step_impl\n    assert False\n"}, "steps": [{"name": "Given Launch the App", "status": "passed", "start": 1652796265027, "stop": 1652796271906}, {"name": "When enter login credentials", "status": "passed", "start": 1652796271906, "stop": 1652796273792}, {"name": "Then click login", "status": "passed", "start": 1652796273792, "stop": 1652796273848}, {"name": "Then verify the page title and screenshot", "status": "failed", "statusDetails": {"message": "AssertionError\n", "trace": "  File \"F:\\baitap\\kiemthu\\venv\\lib\\site-packages\\behave\\model.py\", line 1329, in run\n    match.run(runner.context)\n  File \"F:\\baitap\\kiemthu\\venv\\lib\\site-packages\\behave\\matchers.py\", line 98, in run\n    self.func(context, *args, **kwargs)\n  File \"Feature\\steps\\LoginPageSteps.py\", line 130, in step_impl\n    assert False\n"}, "attachments": [{"name": "Viblo Login test", "source": "0db89a25-6625-44be-950a-1067a715df3b-attachment.png", "type": "image/png"}], "start": 1652796273848, "stop": 1652796274141}, {"name": "And close the App", "status": "skipped", "start": 1652796274142, "stop": 1652796274142}], "start": 1652796265025, "stop": 1652796274142, "uuid": "17a53ad4-fba0-423a-a219-18cb91b90448", "historyId": "ab7dfe44a20221545b84346a3128c6f4", "fullName": "Test the c2ta application: Verify login functionality", "labels": [{"name": "severity", "value": "normal"}, {"name": "feature", "value": "Test the c2ta application"}, {"name": "framework", "value": "behave"}, {"name": "language", "value": "cpython3"}]}