{"name": "Verify login functionality", "status": "failed", "statusDetails": {"message": "AssertionError\n", "trace": "  File \"F:\\baitap\\kiemthu\\venv\\lib\\site-packages\\behave\\model.py\", line 1329, in run\n    match.run(runner.context)\n  File \"F:\\baitap\\kiemthu\\venv\\lib\\site-packages\\behave\\matchers.py\", line 98, in run\n    self.func(context, *args, **kwargs)\n  File \"Feature\\steps\\LoginPageSteps.py\", line 62, in step_impl\n    assert False\n"}, "steps": [{"name": "Given Launch the App", "status": "passed", "start": 1651693247332, "stop": 1651693251064}, {"name": "When enter login credentials", "status": "passed", "start": 1651693251064, "stop": 1651693252171}, {"name": "Then click login", "status": "passed", "start": 1651693252171, "stop": 1651693252251}, {"name": "Then verify the page title and screenshot", "status": "failed", "statusDetails": {"message": "AssertionError\n", "trace": "  File \"F:\\baitap\\kiemthu\\venv\\lib\\site-packages\\behave\\model.py\", line 1329, in run\n    match.run(runner.context)\n  File \"F:\\baitap\\kiemthu\\venv\\lib\\site-packages\\behave\\matchers.py\", line 98, in run\n    self.func(context, *args, **kwargs)\n  File \"Feature\\steps\\LoginPageSteps.py\", line 62, in step_impl\n    assert False\n"}, "attachments": [{"name": "Viblo Login test", "source": "8d9f94c0-cb2f-4414-985b-b513cc2841c4-attachment.png", "type": "image/png"}], "start": 1651693252252, "stop": 1651693254989}, {"name": "And close the App", "status": "skipped", "start": 1651693254989, "stop": 1651693254989}], "start": 1651693247331, "stop": 1651693254989, "uuid": "b81ac487-da0a-4f1c-9391-19a56da7a38d", "historyId": "ab7dfe44a20221545b84346a3128c6f4", "fullName": "Test the c2ta application: Verify login functionality", "labels": [{"name": "severity", "value": "normal"}, {"name": "feature", "value": "Test the c2ta application"}, {"name": "framework", "value": "behave"}, {"name": "language", "value": "cpython3"}]}