{"name": "Verify login functionality", "status": "failed", "statusDetails": {"message": "AssertionError\n", "trace": "  File \"F:\\baitap\\kiemthu\\venv\\lib\\site-packages\\behave\\model.py\", line 1329, in run\n    match.run(runner.context)\n  File \"F:\\baitap\\kiemthu\\venv\\lib\\site-packages\\behave\\matchers.py\", line 98, in run\n    self.func(context, *args, **kwargs)\n  File \"Feature\\steps\\LoginPageSteps.py\", line 62, in step_impl\n    assert False\n"}, "steps": [{"name": "Given Launch the App", "status": "passed", "start": 1651693019862, "stop": 1651693023776}, {"name": "When enter login credentials", "status": "passed", "start": 1651693023776, "stop": 1651693024886}, {"name": "Then click login", "status": "passed", "start": 1651693024886, "stop": 1651693024964}, {"name": "Then verify the page title and screenshot", "status": "failed", "statusDetails": {"message": "AssertionError\n", "trace": "  File \"F:\\baitap\\kiemthu\\venv\\lib\\site-packages\\behave\\model.py\", line 1329, in run\n    match.run(runner.context)\n  File \"F:\\baitap\\kiemthu\\venv\\lib\\site-packages\\behave\\matchers.py\", line 98, in run\n    self.func(context, *args, **kwargs)\n  File \"Feature\\steps\\LoginPageSteps.py\", line 62, in step_impl\n    assert False\n"}, "attachments": [{"name": "Viblo Login test", "source": "0b68213a-fdc1-480c-b168-f49d2847be32-attachment.png", "type": "image/png"}], "start": 1651693024964, "stop": 1651693027324}, {"name": "And close the App", "status": "skipped", "start": 1651693027324, "stop": 1651693027324}], "start": 1651693019860, "stop": 1651693027324, "uuid": "d49cfc98-98ff-4e59-8b96-49e0e4b25591", "historyId": "ab7dfe44a20221545b84346a3128c6f4", "fullName": "Test the c2ta application: Verify login functionality", "labels": [{"name": "severity", "value": "normal"}, {"name": "feature", "value": "Test the c2ta application"}, {"name": "framework", "value": "behave"}, {"name": "language", "value": "cpython3"}]}