{"name": "Verify login functionality", "status": "failed", "statusDetails": {"message": "AssertionError\n", "trace": "  File \"F:\\baitap\\kiemthu\\venv\\lib\\site-packages\\behave\\model.py\", line 1329, in run\n    match.run(runner.context)\n  File \"F:\\baitap\\kiemthu\\venv\\lib\\site-packages\\behave\\matchers.py\", line 98, in run\n    self.func(context, *args, **kwargs)\n  File \"Feature\\steps\\LoginPageSteps.py\", line 63, in step_impl\n    assert False\n"}, "steps": [{"name": "Given Launch the App", "status": "passed", "start": 1651729401219, "stop": 1651729404883}, {"name": "When enter login credentials", "status": "passed", "start": 1651729404883, "stop": 1651729406089}, {"name": "Then click login", "status": "passed", "start": 1651729406089, "stop": 1651729406145}, {"name": "Then verify the page title and screenshot", "status": "failed", "statusDetails": {"message": "AssertionError\n", "trace": "  File \"F:\\baitap\\kiemthu\\venv\\lib\\site-packages\\behave\\model.py\", line 1329, in run\n    match.run(runner.context)\n  File \"F:\\baitap\\kiemthu\\venv\\lib\\site-packages\\behave\\matchers.py\", line 98, in run\n    self.func(context, *args, **kwargs)\n  File \"Feature\\steps\\LoginPageSteps.py\", line 63, in step_impl\n    assert False\n"}, "attachments": [{"name": "Viblo Login test", "source": "ebb29029-29c3-4344-9b11-11e310bb5c40-attachment.png", "type": "image/png"}], "start": 1651729406145, "stop": 1651729407984}, {"name": "And close the App", "status": "skipped", "start": 1651729407985, "stop": 1651729407985}], "start": 1651729401218, "stop": 1651729407985, "uuid": "a1f0cbda-1c31-4e8f-8476-325579f1c214", "historyId": "ab7dfe44a20221545b84346a3128c6f4", "fullName": "Test the c2ta application: Verify login functionality", "labels": [{"name": "severity", "value": "normal"}, {"name": "feature", "value": "Test the c2ta application"}, {"name": "framework", "value": "behave"}, {"name": "language", "value": "cpython3"}]}