{"name": "Verify login functionality", "status": "failed", "statusDetails": {"message": "AssertionError\n", "trace": "  File \"F:\\baitap\\kiemthu\\venv\\lib\\site-packages\\behave\\model.py\", line 1329, in run\n    match.run(runner.context)\n  File \"F:\\baitap\\kiemthu\\venv\\lib\\site-packages\\behave\\matchers.py\", line 98, in run\n    self.func(context, *args, **kwargs)\n  File \"Feature\\steps\\LoginPageSteps.py\", line 62, in step_impl\n    assert False\n"}, "steps": [{"name": "Given Launch the App", "status": "passed", "start": 1651688284955, "stop": 1651688289747}, {"name": "When enter login credentials", "status": "passed", "start": 1651688289747, "stop": 1651688291035}, {"name": "Then click login", "status": "passed", "start": 1651688291035, "stop": 1651688291248}, {"name": "Then verify the page title and screenshot", "status": "failed", "statusDetails": {"message": "AssertionError\n", "trace": "  File \"F:\\baitap\\kiemthu\\venv\\lib\\site-packages\\behave\\model.py\", line 1329, in run\n    match.run(runner.context)\n  File \"F:\\baitap\\kiemthu\\venv\\lib\\site-packages\\behave\\matchers.py\", line 98, in run\n    self.func(context, *args, **kwargs)\n  File \"Feature\\steps\\LoginPageSteps.py\", line 62, in step_impl\n    assert False\n"}, "attachments": [{"name": "c2ta Login test", "source": "a8d91626-42a9-4c57-8ed4-8908c821ed49-attachment.png", "type": "image/png"}], "start": 1651688291248, "stop": 1651688291537}, {"name": "And close the App", "status": "skipped", "start": 1651688291538, "stop": 1651688291539}], "start": 1651688284954, "stop": 1651688291539, "uuid": "ba34f33b-a4de-4f76-87b2-6d7555311b62", "historyId": "ab7dfe44a20221545b84346a3128c6f4", "fullName": "Test the c2ta application: Verify login functionality", "labels": [{"name": "severity", "value": "normal"}, {"name": "feature", "value": "Test the c2ta application"}, {"name": "framework", "value": "behave"}, {"name": "language", "value": "cpython3"}]}