{"name": "Verify login functionality", "status": "failed", "statusDetails": {"message": "AssertionError\n", "trace": "  File \"F:\\baitap\\kiemthu\\venv\\lib\\site-packages\\behave\\model.py\", line 1329, in run\n    match.run(runner.context)\n  File \"F:\\baitap\\kiemthu\\venv\\lib\\site-packages\\behave\\matchers.py\", line 98, in run\n    self.func(context, *args, **kwargs)\n  File \"Feature\\steps\\LoginPageSteps.py\", line 63, in step_impl\n    assert False\n"}, "steps": [{"name": "Given Launch the App", "status": "passed", "start": 1651729521296, "stop": 1651729524743}, {"name": "When enter login credentials", "status": "passed", "start": 1651729524743, "stop": 1651729525916}, {"name": "Then click login", "status": "passed", "start": 1651729525916, "stop": 1651729525972}, {"name": "Then verify the page title and screenshot", "status": "failed", "statusDetails": {"message": "AssertionError\n", "trace": "  File \"F:\\baitap\\kiemthu\\venv\\lib\\site-packages\\behave\\model.py\", line 1329, in run\n    match.run(runner.context)\n  File \"F:\\baitap\\kiemthu\\venv\\lib\\site-packages\\behave\\matchers.py\", line 98, in run\n    self.func(context, *args, **kwargs)\n  File \"Feature\\steps\\LoginPageSteps.py\", line 63, in step_impl\n    assert False\n"}, "attachments": [{"name": "Viblo Login test", "source": "4981ebc5-cc72-44dc-af1e-09b795cc0495-attachment.png", "type": "image/png"}], "start": 1651729525972, "stop": 1651729528971}, {"name": "And close the App", "status": "skipped", "start": 1651729528971, "stop": 1651729528971}], "start": 1651729521295, "stop": 1651729528971, "uuid": "3bfd48aa-6244-47c6-a6f7-2451f97358a4", "historyId": "ab7dfe44a20221545b84346a3128c6f4", "fullName": "Test the c2ta application: Verify login functionality", "labels": [{"name": "severity", "value": "normal"}, {"name": "feature", "value": "Test the c2ta application"}, {"name": "framework", "value": "behave"}, {"name": "language", "value": "cpython3"}]}