{"name": "Verify login functionality", "status": "failed", "statusDetails": {"message": "AssertionError\n", "trace": "  File \"F:\\baitap\\kiemthu\\venv\\lib\\site-packages\\behave\\model.py\", line 1329, in run\n    match.run(runner.context)\n  File \"F:\\baitap\\kiemthu\\venv\\lib\\site-packages\\behave\\matchers.py\", line 98, in run\n    self.func(context, *args, **kwargs)\n  File \"Feature\\steps\\LoginPageSteps.py\", line 62, in step_impl\n    assert False\n"}, "steps": [{"name": "Given Launch the App", "status": "passed", "start": 1651687501575, "stop": 1651687507793}, {"name": "When enter login credentials", "status": "passed", "start": 1651687507794, "stop": 1651687510286}, {"name": "Then click login", "status": "passed", "start": 1651687510287, "stop": 1651687510403}, {"name": "Then verify the page title and screenshot", "status": "failed", "statusDetails": {"message": "AssertionError\n", "trace": "  File \"F:\\baitap\\kiemthu\\venv\\lib\\site-packages\\behave\\model.py\", line 1329, in run\n    match.run(runner.context)\n  File \"F:\\baitap\\kiemthu\\venv\\lib\\site-packages\\behave\\matchers.py\", line 98, in run\n    self.func(context, *args, **kwargs)\n  File \"Feature\\steps\\LoginPageSteps.py\", line 62, in step_impl\n    assert False\n"}, "attachments": [{"name": "c2ta Login test", "source": "b30c3863-6d87-468e-a5f2-7ec4e56a324d-attachment.png", "type": "image/png"}], "start": 1651687510403, "stop": 1651687511203}, {"name": "And close the App", "status": "skipped", "start": 1651687511204, "stop": 1651687511204}], "start": 1651687501573, "stop": 1651687511204, "uuid": "c8df7e5b-93f6-4dd1-bb3c-dac64ae4e88b", "historyId": "ab7dfe44a20221545b84346a3128c6f4", "fullName": "Test the c2ta application: Verify login functionality", "labels": [{"name": "severity", "value": "normal"}, {"name": "feature", "value": "Test the c2ta application"}, {"name": "framework", "value": "behave"}, {"name": "language", "value": "cpython3"}]}